# JRE version: Java(TM) SE Runtime Environment (8.0_202-b08) (build 1.8.0_202-b08)
# Java VM: Java HotSpot(TM) 64-Bit Server VM (25.202-b08 mixed mode windows-amd64 compressed oops)
Heap:
 PSYoungGen      total 630272K, used 162811K [0x0000000795c00000, 0x00000007bfe80000, 0x00000007c0000000)
  eden space 570880K, 28% used [0x0000000795c00000,0x000000079fa7cca8,0x00000007b8980000)
  from space 59392K, 0% used [0x00000007b8980000,0x00000007b8a020a8,0x00000007bc380000)
  to   space 57856K, 0% used [0x00000007bc600000,0x00000007bc600000,0x00000007bfe80000)
 ParOldGen       total 275456K, used 155997K [0x0000000741400000, 0x0000000752100000, 0x0000000795c00000)
  object space 275456K, 56% used [0x0000000741400000,0x000000074ac57458,0x0000000752100000)
 Metaspace       used 46237K, capacity 46710K, committed 47232K, reserved 1091584K
  class space    used 5261K, capacity 5405K, committed 5504K, reserved 1048576K
GC Heap History (10 events):
Event: 110.875 GC heap before
{Heap before GC invocations=30 (full 5):
 PSYoungGen      total 626688K, used 10224K [0x0000000795c00000, 0x00000007c0000000, 0x00000007c0000000)
  eden space 561152K, 0% used [0x0000000795c00000,0x0000000795c00000,0x00000007b8000000)
  from space 65536K, 15% used [0x00000007b8000000,0x00000007b89fc050,0x00000007bc000000)
  to   space 62976K, 0% used [0x00000007bc280000,0x00000007bc280000,0x00000007c0000000)
 ParOldGen       total 154112K, used 153289K [0x0000000741400000, 0x000000074aa80000, 0x0000000795c00000)
  object space 154112K, 99% used [0x0000000741400000,0x000000074a9b26f8,0x000000074aa80000)
 Metaspace       used 37714K, capacity 38126K, committed 38528K, reserved 1083392K
  class space    used 4319K, capacity 4423K, committed 4480K, reserved 1048576K
Event: 111.147 GC heap after
Heap after GC invocations=30 (full 5):
 PSYoungGen      total 626688K, used 0K [0x0000000795c00000, 0x00000007c0000000, 0x00000007c0000000)
  eden space 561152K, 0% used [0x0000000795c00000,0x0000000795c00000,0x00000007b8000000)
  from space 65536K, 0% used [0x00000007b8000000,0x00000007b8000000,0x00000007bc000000)
  to   space 62976K, 0% used [0x00000007bc280000,0x00000007bc280000,0x00000007c0000000)
 ParOldGen       total 275456K, used 151118K [0x0000000741400000, 0x0000000752100000, 0x0000000795c00000)
  object space 275456K, 54% used [0x0000000741400000,0x000000074a793960,0x0000000752100000)
 Metaspace       used 37714K, capacity 38126K, committed 38528K, reserved 1083392K
  class space    used 4319K, capacity 4423K, committed 4480K, reserved 1048576K
}
Event: 127.352 GC heap before
{Heap before GC invocations=31 (full 5):
 PSYoungGen      total 626688K, used 561152K [0x0000000795c00000, 0x00000007c0000000, 0x00000007c0000000)
  eden space 561152K, 100% used [0x0000000795c00000,0x00000007b8000000,0x00000007b8000000)
  from space 65536K, 0% used [0x00000007b8000000,0x00000007b8000000,0x00000007bc000000)
  to   space 62976K, 0% used [0x00000007bc280000,0x00000007bc280000,0x00000007c0000000)
 ParOldGen       total 275456K, used 151118K [0x0000000741400000, 0x0000000752100000, 0x0000000795c00000)
  object space 275456K, 54% used [0x0000000741400000,0x000000074a793960,0x0000000752100000)
 Metaspace       used 40653K, capacity 41002K, committed 41472K, reserved 1085440K
  class space    used 4663K, capacity 4779K, committed 4864K, reserved 1048576K
Event: 127.362 GC heap after
Heap after GC invocations=31 (full 5):
 PSYoungGen      total 620032K, used 10120K [0x0000000795c00000, 0x00000007bf980000, 0x00000007c0000000)
  eden space 563712K, 0% used [0x0000000795c00000,0x0000000795c00000,0x00000007b8280000)
  from space 56320K, 17% used [0x00000007bc280000,0x00000007bcc62208,0x00000007bf980000)
  to   space 60928K, 0% used [0x00000007b8280000,0x00000007b8280000,0x00000007bbe00000)
 ParOldGen       total 275456K, used 151126K [0x0000000741400000, 0x0000000752100000, 0x0000000795c00000)
  object space 275456K, 54% used [0x0000000741400000,0x000000074a795960,0x0000000752100000)
 Metaspace       used 40653K, capacity 41002K, committed 41472K, reserved 1085440K
  class space    used 4663K, capacity 4779K, committed 4864K, reserved 1048576K
}
Event: 130.287 GC heap before
{Heap before GC invocations=32 (full 5):
 PSYoungGen      total 620032K, used 573832K [0x0000000795c00000, 0x00000007bf980000, 0x00000007c0000000)
  eden space 563712K, 100% used [0x0000000795c00000,0x00000007b8280000,0x00000007b8280000)
  from space 56320K, 17% used [0x00000007bc280000,0x00000007bcc62208,0x00000007bf980000)
  to   space 60928K, 0% used [0x00000007b8280000,0x00000007b8280000,0x00000007bbe00000)
 ParOldGen       total 275456K, used 151126K [0x0000000741400000, 0x0000000752100000, 0x0000000795c00000)
  object space 275456K, 54% used [0x0000000741400000,0x000000074a795960,0x0000000752100000)
 Metaspace       used 41194K, capacity 41546K, committed 41984K, reserved 1087488K
  class space    used 4703K, capacity 4811K, committed 4864K, reserved 1048576K
Event: 130.296 GC heap after
Heap after GC invocations=32 (full 5):
 PSYoungGen      total 624640K, used 858K [0x0000000795c00000, 0x00000007c0000000, 0x00000007c0000000)
  eden space 563712K, 0% used [0x0000000795c00000,0x0000000795c00000,0x00000007b8280000)
  from space 60928K, 1% used [0x00000007b8280000,0x00000007b8356a78,0x00000007bbe00000)
  to   space 60416K, 0% used [0x00000007bc500000,0x00000007bc500000,0x00000007c0000000)
 ParOldGen       total 275456K, used 155666K [0x0000000741400000, 0x0000000752100000, 0x0000000795c00000)
  object space 275456K, 56% used [0x0000000741400000,0x000000074ac04a48,0x0000000752100000)
 Metaspace       used 41194K, capacity 41546K, committed 41984K, reserved 1087488K
  class space    used 4703K, capacity 4811K, committed 4864K, reserved 1048576K
}
Event: 131.051 GC heap before
{Heap before GC invocations=33 (full 5):
 PSYoungGen      total 624640K, used 564570K [0x0000000795c00000, 0x00000007c0000000, 0x00000007c0000000)
  eden space 563712K, 100% used [0x0000000795c00000,0x00000007b8280000,0x00000007b8280000)
  from space 60928K, 1% used [0x00000007b8280000,0x00000007b8356a78,0x00000007bbe00000)
  to   space 60416K, 0% used [0x00000007bc500000,0x00000007bc500000,0x00000007c0000000)
 ParOldGen       total 275456K, used 155666K [0x0000000741400000, 0x0000000752100000, 0x0000000795c00000)
  object space 275456K, 56% used [0x0000000741400000,0x000000074ac04a48,0x0000000752100000)
 Metaspace       used 41205K, capacity 41546K, committed 41984K, reserved 1087488K
  class space    used 4703K, capacity 4811K, committed 4864K, reserved 1048576K
Event: 131.053 GC heap after
Heap after GC invocations=33 (full 5):
 PSYoungGen      total 628736K, used 424K [0x0000000795c00000, 0x00000007bfd80000, 0x00000007c0000000)
  eden space 570880K, 0% used [0x0000000795c00000,0x0000000795c00000,0x00000007b8980000)
  from space 57856K, 0% used [0x00000007bc500000,0x00000007bc56a0a8,0x00000007bfd80000)
  to   space 59392K, 0% used [0x00000007b8980000,0x00000007b8980000,0x00000007bc380000)
 ParOldGen       total 275456K, used 155965K [0x0000000741400000, 0x0000000752100000, 0x0000000795c00000)
  object space 275456K, 56% used [0x0000000741400000,0x000000074ac4f458,0x0000000752100000)
 Metaspace       used 41205K, capacity 41546K, committed 41984K, reserved 1087488K
  class space    used 4703K, capacity 4811K, committed 4864K, reserved 1048576K
}
Event: 132.551 GC heap before
{Heap before GC invocations=34 (full 5):
 PSYoungGen      total 628736K, used 571304K [0x0000000795c00000, 0x00000007bfd80000, 0x00000007c0000000)
  eden space 570880K, 100% used [0x0000000795c00000,0x00000007b8980000,0x00000007b8980000)
  from space 57856K, 0% used [0x00000007bc500000,0x00000007bc56a0a8,0x00000007bfd80000)
  to   space 59392K, 0% used [0x00000007b8980000,0x00000007b8980000,0x00000007bc380000)
 ParOldGen       total 275456K, used 155965K [0x0000000741400000, 0x0000000752100000, 0x0000000795c00000)
  object space 275456K, 56% used [0x0000000741400000,0x000000074ac4f458,0x0000000752100000)
 Metaspace       used 41205K, capacity 41546K, committed 41984K, reserved 1087488K
  class space    used 4703K, capacity 4811K, committed 4864K, reserved 1048576K
Event: 132.553 GC heap after
Heap after GC invocations=34 (full 5):
 PSYoungGen      total 630272K, used 520K [0x0000000795c00000, 0x00000007bfe80000, 0x00000007c0000000)
  eden space 570880K, 0% used [0x0000000795c00000,0x0000000795c00000,0x00000007b8980000)
  from space 59392K, 0% used [0x00000007b8980000,0x00000007b8a020a8,0x00000007bc380000)
  to   space 57856K, 0% used [0x00000007bc600000,0x00000007bc600000,0x00000007bfe80000)
 ParOldGen       total 275456K, used 155997K [0x0000000741400000, 0x0000000752100000, 0x0000000795c00000)
  object space 275456K, 56% used [0x0000000741400000,0x000000074ac57458,0x0000000752100000)
 Metaspace       used 41205K, capacity 41546K, committed 41984K, reserved 1087488K
  class space    used 4703K, capacity 4811K, committed 4864K, reserved 1048576K
}

